\BOOKMARK [0][-]{chapter.1}{Introduction}{}% 1
\BOOKMARK [1][-]{section.1.1}{Motivation}{chapter.1}% 2
\BOOKMARK [1][-]{section.1.2}{Research question}{chapter.1}% 3
\BOOKMARK [1][-]{section.1.3}{Contributions}{chapter.1}% 4
\BOOKMARK [0][-]{chapter.2}{Related Work}{}% 5
\BOOKMARK [1][-]{section.2.1}{Information Management tools}{chapter.2}% 6
\BOOKMARK [1][-]{section.2.2}{Text annotation tools}{chapter.2}% 7
\BOOKMARK [0][-]{chapter.3}{Background Study}{}% 8
\BOOKMARK [1][-]{section.3.1}{Language Technology}{chapter.3}% 9
\BOOKMARK [1][-]{section.3.2}{Machine learning}{chapter.3}% 10
\BOOKMARK [1][-]{section.3.3}{Data Visualization}{chapter.3}% 11
\BOOKMARK [1][-]{section.3.4}{Hypergraph}{chapter.3}% 12
\BOOKMARK [1][-]{section.3.5}{Web technologies}{chapter.3}% 13
\BOOKMARK [0][-]{chapter.4}{System Overview}{}% 14
\BOOKMARK [1][-]{section.4.1}{Autolinks Introduction}{chapter.4}% 15
\BOOKMARK [1][-]{section.4.2}{Components in Autolinks}{chapter.4}% 16
\BOOKMARK [0][-]{chapter.5}{Data Extraction}{}% 17
\BOOKMARK [1][-]{section.5.1}{Broker}{chapter.5}% 18
\BOOKMARK [1][-]{section.5.2}{Wiki Service}{chapter.5}% 19
\BOOKMARK [0][-]{chapter.6}{Information Management Visualization}{}% 20
\BOOKMARK [1][-]{section.6.1}{Concept and Visualization}{chapter.6}% 21
\BOOKMARK [1][-]{section.6.2}{Compound Nodes / Parent}{chapter.6}% 22
\BOOKMARK [1][-]{section.6.3}{System Overview}{chapter.6}% 23
\BOOKMARK [1][-]{section.6.4}{Data Extraction}{chapter.6}% 24
\BOOKMARK [0][-]{chapter.7}{Evaluation}{}% 25
\BOOKMARK [1][-]{section.7.1}{Case Study}{chapter.7}% 26
\BOOKMARK [1][-]{section.7.2}{User Experiment}{chapter.7}% 27
\BOOKMARK [1][-]{section.7.3}{Evaluation details}{chapter.7}% 28
\BOOKMARK [0][-]{chapter.8}{Future Work}{}% 29
\BOOKMARK [0][-]{chapter.9}{Conclusion}{}% 30
